<?xml version="1.0" encoding="UTF-8"?>
<!-- Generated by org.testng.reporters.JUnitReportReporter -->
<testsuite skipped="0" hostname="Ahmets-MacBook-Pro-2.local" name="com.myfitnesspal.tests.MyHomePageTests" tests="3" failures="0" timestamp="05 Aug 2018 02:29:25 GMT" time="49.042" errors="0">
  <testcase name="SPA1100" time="15.029" classname="com.myfitnesspal.tests.MyHomePageTests"/>
  <testcase name="SPA1099" time="20.760" classname="com.myfitnesspal.tests.MyHomePageTests"/>
  <testcase name="SPA1112" time="13.253" classname="com.myfitnesspal.tests.MyHomePageTests"/>
</testsuite> <!-- com.myfitnesspal.tests.MyHomePageTests -->
